2026-05-30 22:29:35.006 [main] INFO  com.example.demo.DemoApplication - 开始启动应用...
2026-05-30 22:29:35.314 [background-preinit] INFO  org.hibernate.validator.internal.util.Version - HV000001: Hibernate Validator 8.0.1.Final
2026-05-30 22:29:35.400 [main] INFO  com.example.demo.DemoApplication - Starting DemoApplication using Java 22.0.2 with PID 14752 (C:\Users\zhangkj\login-demo\backend\target\classes started by zhangkj in C:\Users\zhangkj\login-demo\backend)
2026-05-30 22:29:35.403 [main] INFO  com.example.demo.DemoApplication - No active profile set, falling back to 1 default profile: "default"
2026-05-30 22:29:35.909 [main] INFO  org.springframework.data.repository.config.RepositoryConfigurationDelegate - Bootstrapping Spring Data JPA repositories in DEFAULT mode.
2026-05-30 22:29:35.966 [main] INFO  org.springframework.data.repository.config.RepositoryConfigurationDelegate - Finished Spring Data repository scanning in 50 ms. Found 8 JPA repository interfaces.
2026-05-30 22:29:36.403 [main] INFO  org.springframework.boot.web.embedded.tomcat.TomcatWebServer - Tomcat initialized with port 8080 (http)
2026-05-30 22:29:36.413 [main] INFO  org.apache.coyote.http11.Http11NioProtocol - Initializing ProtocolHandler ["http-nio-8080"]
2026-05-30 22:29:36.416 [main] INFO  org.apache.catalina.core.StandardService - Starting service [Tomcat]
2026-05-30 22:29:36.416 [main] INFO  org.apache.catalina.core.StandardEngine - Starting Servlet engine: [Apache Tomcat/10.1.20]
2026-05-30 22:29:36.458 [main] INFO  org.apache.catalina.core.ContainerBase.[Tomcat].[localhost].[/] - Initializing Spring embedded WebApplicationContext
2026-05-30 22:29:36.459 [main] INFO  org.springframework.boot.web.servlet.context.ServletWebServerApplicationContext - Root WebApplicationContext: initialization completed in 1024 ms
2026-05-30 22:29:36.590 [main] INFO  org.hibernate.jpa.internal.util.LogHelper - HHH000204: Processing PersistenceUnitInfo [name: default]
2026-05-30 22:29:36.650 [main] INFO  org.hibernate.Version - HHH000412: Hibernate ORM core version 6.4.4.Final
2026-05-30 22:29:36.682 [main] INFO  org.hibernate.cache.internal.RegionFactoryInitiator - HHH000026: Second-level cache disabled
2026-05-30 22:29:36.877 [main] INFO  org.springframework.orm.jpa.persistenceunit.SpringPersistenceUnitInfo - No LoadTimeWeaver setup: ignoring JPA class transformer
2026-05-30 22:29:36.902 [main] INFO  com.zaxxer.hikari.HikariDataSource - HikariPool-1 - Starting...
2026-05-30 22:29:37.023 [main] INFO  com.zaxxer.hikari.pool.HikariPool - HikariPool-1 - Added connection com.mysql.cj.jdbc.ConnectionImpl@6c70b7c3
2026-05-30 22:29:37.024 [main] INFO  com.zaxxer.hikari.HikariDataSource - HikariPool-1 - Start completed.
2026-05-30 22:29:37.876 [main] INFO  org.hibernate.engine.transaction.jta.platform.internal.JtaPlatformInitiator - HHH000489: No JTA platform available (set 'hibernate.transaction.jta.platform' to enable JTA platform integration)
2026-05-30 22:29:37.932 [main] INFO  org.springframework.orm.jpa.LocalContainerEntityManagerFactoryBean - Initialized JPA EntityManagerFactory for persistence unit 'default'
2026-05-30 22:29:38.151 [main] INFO  com.example.demo.config.AppConfig - 初始化密码加密器: BCryptPasswordEncoder
2026-05-30 22:29:38.380 [main] INFO  com.example.demo.config.WebConfig - 配置静态资源映射: /uploads/** -> file:C:\Users\zhangkj\login-demo\backend\uploads/
2026-05-30 22:29:38.498 [main] INFO  org.apache.coyote.http11.Http11NioProtocol - Starting ProtocolHandler ["http-nio-8080"]
2026-05-30 22:29:38.510 [main] INFO  org.springframework.boot.web.embedded.tomcat.TomcatWebServer - Tomcat started on port 8080 (http) with context path ''
2026-05-30 22:29:38.514 [main] INFO  com.example.demo.DemoApplication - Started DemoApplication in 3.447 seconds (process running for 4.141)
2026-05-30 22:29:38.517 [main] INFO  com.example.demo.config.DataInitializer - 开始执行数据初始化...
2026-05-30 22:29:38.752 [main] INFO  com.example.demo.config.DataInitializer - 用户表中已有数据，跳过默认用户创建
2026-05-30 22:29:38.753 [main] INFO  com.example.demo.config.DataInitializer - 数据初始化执行完毕
2026-05-30 22:29:38.753 [main] INFO  com.example.demo.DemoApplication - 应用启动完成
2026-05-30 22:29:46.846 [http-nio-8080-exec-1] INFO  org.apache.catalina.core.ContainerBase.[Tomcat].[localhost].[/] - Initializing Spring DispatcherServlet 'dispatcherServlet'
2026-05-30 22:29:46.846 [http-nio-8080-exec-1] INFO  org.springframework.web.servlet.DispatcherServlet - Initializing Servlet 'dispatcherServlet'
2026-05-30 22:29:46.847 [http-nio-8080-exec-1] INFO  org.springframework.web.servlet.DispatcherServlet - Completed initialization in 1 ms
2026-05-30 22:29:46.877 [http-nio-8080-exec-1] INFO  com.example.demo.controller.AuthController - 获取当前用户信息，token: test
2026-05-30 22:29:46.877 [http-nio-8080-exec-1] INFO  com.example.demo.controller.AuthController - 获取当前用户信息成功
2026-05-30 22:30:01.643 [http-nio-8080-exec-5] INFO  com.example.demo.controller.AuthController - 用户登录，用户名: admin, 登录类型: user
2026-05-30 22:30:01.643 [http-nio-8080-exec-5] INFO  com.example.demo.controller.AuthController - 管理员登录，用户名: admin
2026-05-30 22:30:01.754 [http-nio-8080-exec-5] INFO  com.example.demo.controller.AuthController - 管理员登录成功: admin
2026-05-30 22:56:07.274 [main] INFO  com.example.demo.DemoApplication - 开始启动应用...
2026-05-30 22:56:07.596 [background-preinit] INFO  org.hibernate.validator.internal.util.Version - HV000001: Hibernate Validator 8.0.1.Final
2026-05-30 22:56:07.630 [main] INFO  com.example.demo.DemoApplication - Starting DemoApplication using Java 22.0.2 with PID 3300 (C:\Users\zhangkj\login-demo\backend\target\classes started by zhangkj in C:\Users\zhangkj\login-demo\backend)
2026-05-30 22:56:07.632 [main] INFO  com.example.demo.DemoApplication - No active profile set, falling back to 1 default profile: "default"
2026-05-30 22:56:08.122 [main] INFO  org.springframework.data.repository.config.RepositoryConfigurationDelegate - Bootstrapping Spring Data JPA repositories in DEFAULT mode.
2026-05-30 22:56:08.175 [main] INFO  org.springframework.data.repository.config.RepositoryConfigurationDelegate - Finished Spring Data repository scanning in 46 ms. Found 8 JPA repository interfaces.
2026-05-30 22:56:08.561 [main] INFO  org.springframework.boot.web.embedded.tomcat.TomcatWebServer - Tomcat initialized with port 8080 (http)
2026-05-30 22:56:08.570 [main] INFO  org.apache.coyote.http11.Http11NioProtocol - Initializing ProtocolHandler ["http-nio-8080"]
2026-05-30 22:56:08.572 [main] INFO  org.apache.catalina.core.StandardService - Starting service [Tomcat]
2026-05-30 22:56:08.572 [main] INFO  org.apache.catalina.core.StandardEngine - Starting Servlet engine: [Apache Tomcat/10.1.20]
2026-05-30 22:56:08.617 [main] INFO  org.apache.catalina.core.ContainerBase.[Tomcat].[localhost].[/] - Initializing Spring embedded WebApplicationContext
2026-05-30 22:56:08.617 [main] INFO  org.springframework.boot.web.servlet.context.ServletWebServerApplicationContext - Root WebApplicationContext: initialization completed in 952 ms
2026-05-30 22:56:08.730 [main] INFO  org.hibernate.jpa.internal.util.LogHelper - HHH000204: Processing PersistenceUnitInfo [name: default]
2026-05-30 22:56:08.785 [main] INFO  org.hibernate.Version - HHH000412: Hibernate ORM core version 6.4.4.Final
2026-05-30 22:56:08.814 [main] INFO  org.hibernate.cache.internal.RegionFactoryInitiator - HHH000026: Second-level cache disabled
2026-05-30 22:56:09.006 [main] INFO  org.springframework.orm.jpa.persistenceunit.SpringPersistenceUnitInfo - No LoadTimeWeaver setup: ignoring JPA class transformer
2026-05-30 22:56:09.031 [main] INFO  com.zaxxer.hikari.HikariDataSource - HikariPool-1 - Starting...
2026-05-30 22:56:09.151 [main] INFO  com.zaxxer.hikari.pool.HikariPool - HikariPool-1 - Added connection com.mysql.cj.jdbc.ConnectionImpl@603d25db
2026-05-30 22:56:09.152 [main] INFO  com.zaxxer.hikari.HikariDataSource - HikariPool-1 - Start completed.
2026-05-30 22:56:10.014 [main] INFO  org.hibernate.engine.transaction.jta.platform.internal.JtaPlatformInitiator - HHH000489: No JTA platform available (set 'hibernate.transaction.jta.platform' to enable JTA platform integration)
2026-05-30 22:56:10.075 [main] INFO  org.springframework.orm.jpa.LocalContainerEntityManagerFactoryBean - Initialized JPA EntityManagerFactory for persistence unit 'default'
2026-05-30 22:56:10.294 [main] INFO  com.example.demo.config.AppConfig - 初始化密码加密器: BCryptPasswordEncoder
2026-05-30 22:56:10.520 [main] INFO  com.example.demo.config.WebConfig - 配置静态资源映射: /uploads/** -> file:C:\Users\zhangkj\login-demo\backend\uploads/
2026-05-30 22:56:10.650 [main] INFO  org.apache.coyote.http11.Http11NioProtocol - Starting ProtocolHandler ["http-nio-8080"]
2026-05-30 22:56:10.655 [main] INFO  org.springframework.orm.jpa.LocalContainerEntityManagerFactoryBean - Closing JPA EntityManagerFactory for persistence unit 'default'
2026-05-30 22:56:10.656 [main] INFO  com.zaxxer.hikari.HikariDataSource - HikariPool-1 - Shutdown initiated...
2026-05-30 22:56:10.661 [main] INFO  com.zaxxer.hikari.HikariDataSource - HikariPool-1 - Shutdown completed.
2026-05-30 22:56:10.668 [main] INFO  org.springframework.boot.autoconfigure.logging.ConditionEvaluationReportLogger - 

Error starting ApplicationContext. To display the condition evaluation report re-run your application with 'debug' enabled.
2026-05-30 23:06:10.152 [main] INFO  com.example.demo.DemoApplication - 开始启动应用...
2026-05-30 23:06:10.442 [background-preinit] INFO  org.hibernate.validator.internal.util.Version - HV000001: Hibernate Validator 8.0.1.Final
2026-05-30 23:06:10.471 [main] INFO  com.example.demo.DemoApplication - Starting DemoApplication using Java 22.0.2 with PID 6832 (C:\Users\zhangkj\login-demo\backend\target\classes started by zhangkj in C:\Users\zhangkj\login-demo\backend)
2026-05-30 23:06:10.474 [main] INFO  com.example.demo.DemoApplication - No active profile set, falling back to 1 default profile: "default"
2026-05-30 23:06:10.946 [main] INFO  org.springframework.data.repository.config.RepositoryConfigurationDelegate - Bootstrapping Spring Data JPA repositories in DEFAULT mode.
2026-05-30 23:06:11.003 [main] INFO  org.springframework.data.repository.config.RepositoryConfigurationDelegate - Finished Spring Data repository scanning in 51 ms. Found 8 JPA repository interfaces.
2026-05-30 23:06:11.381 [main] INFO  org.springframework.boot.web.embedded.tomcat.TomcatWebServer - Tomcat initialized with port 8081 (http)
2026-05-30 23:06:11.390 [main] INFO  org.apache.coyote.http11.Http11NioProtocol - Initializing ProtocolHandler ["http-nio-0.0.0.0-8081"]
2026-05-30 23:06:11.391 [main] INFO  org.apache.catalina.core.StandardService - Starting service [Tomcat]
2026-05-30 23:06:11.391 [main] INFO  org.apache.catalina.core.StandardEngine - Starting Servlet engine: [Apache Tomcat/10.1.20]
2026-05-30 23:06:11.431 [main] INFO  org.apache.catalina.core.ContainerBase.[Tomcat].[localhost].[/] - Initializing Spring embedded WebApplicationContext
2026-05-30 23:06:11.431 [main] INFO  org.springframework.boot.web.servlet.context.ServletWebServerApplicationContext - Root WebApplicationContext: initialization completed in 925 ms
2026-05-30 23:06:11.547 [main] INFO  org.hibernate.jpa.internal.util.LogHelper - HHH000204: Processing PersistenceUnitInfo [name: default]
2026-05-30 23:06:11.601 [main] INFO  org.hibernate.Version - HHH000412: Hibernate ORM core version 6.4.4.Final
2026-05-30 23:06:11.631 [main] INFO  org.hibernate.cache.internal.RegionFactoryInitiator - HHH000026: Second-level cache disabled
2026-05-30 23:06:11.821 [main] INFO  org.springframework.orm.jpa.persistenceunit.SpringPersistenceUnitInfo - No LoadTimeWeaver setup: ignoring JPA class transformer
2026-05-30 23:06:11.847 [main] INFO  com.zaxxer.hikari.HikariDataSource - HikariPool-1 - Starting...
2026-05-30 23:06:11.960 [main] INFO  com.zaxxer.hikari.pool.HikariPool - HikariPool-1 - Added connection com.mysql.cj.jdbc.ConnectionImpl@39a3984c
2026-05-30 23:06:11.961 [main] INFO  com.zaxxer.hikari.HikariDataSource - HikariPool-1 - Start completed.
2026-05-30 23:06:12.811 [main] INFO  org.hibernate.engine.transaction.jta.platform.internal.JtaPlatformInitiator - HHH000489: No JTA platform available (set 'hibernate.transaction.jta.platform' to enable JTA platform integration)
2026-05-30 23:06:12.867 [main] INFO  org.springframework.orm.jpa.LocalContainerEntityManagerFactoryBean - Initialized JPA EntityManagerFactory for persistence unit 'default'
2026-05-30 23:06:13.081 [main] INFO  com.example.demo.config.AppConfig - 初始化密码加密器: BCryptPasswordEncoder
2026-05-30 23:06:13.308 [main] INFO  com.example.demo.config.WebConfig - 配置静态资源映射: /uploads/** -> file:C:\Users\zhangkj\login-demo\backend\uploads/
2026-05-30 23:06:13.435 [main] INFO  org.apache.coyote.http11.Http11NioProtocol - Starting ProtocolHandler ["http-nio-0.0.0.0-8081"]
2026-05-30 23:06:13.446 [main] INFO  org.springframework.boot.web.embedded.tomcat.TomcatWebServer - Tomcat started on port 8081 (http) with context path ''
2026-05-30 23:06:13.452 [main] INFO  com.example.demo.DemoApplication - Started DemoApplication in 3.243 seconds (process running for 3.976)
2026-05-30 23:06:13.454 [main] INFO  com.example.demo.config.DataInitializer - 开始执行数据初始化...
2026-05-30 23:06:13.689 [main] INFO  com.example.demo.config.DataInitializer - 用户表中已有数据，跳过默认用户创建
2026-05-30 23:06:13.689 [main] INFO  com.example.demo.config.DataInitializer - 数据初始化执行完毕
2026-05-30 23:06:13.689 [main] INFO  com.example.demo.DemoApplication - 应用启动完成
2026-05-30 23:07:47.163 [http-nio-0.0.0.0-8081-exec-1] INFO  org.apache.catalina.core.ContainerBase.[Tomcat].[localhost].[/] - Initializing Spring DispatcherServlet 'dispatcherServlet'
2026-05-30 23:07:47.163 [http-nio-0.0.0.0-8081-exec-1] INFO  org.springframework.web.servlet.DispatcherServlet - Initializing Servlet 'dispatcherServlet'
2026-05-30 23:07:47.164 [http-nio-0.0.0.0-8081-exec-1] INFO  org.springframework.web.servlet.DispatcherServlet - Completed initialization in 1 ms
2026-05-30 23:07:47.194 [http-nio-0.0.0.0-8081-exec-1] INFO  com.example.demo.controller.AuthController - 获取当前用户信息，token: test
2026-05-30 23:07:47.194 [http-nio-0.0.0.0-8081-exec-1] INFO  com.example.demo.controller.AuthController - 获取当前用户信息成功
2026-05-30 23:09:55.248 [SpringApplicationShutdownHook] INFO  org.springframework.orm.jpa.LocalContainerEntityManagerFactoryBean - Closing JPA EntityManagerFactory for persistence unit 'default'
2026-05-30 23:09:55.251 [SpringApplicationShutdownHook] INFO  com.zaxxer.hikari.HikariDataSource - HikariPool-1 - Shutdown initiated...
2026-05-30 23:09:55.255 [SpringApplicationShutdownHook] INFO  com.zaxxer.hikari.HikariDataSource - HikariPool-1 - Shutdown completed.
